<?xml version="1.0" encoding="UTF-8"?>
<!-- Generated by org.testng.reporters.JUnitXMLReporter -->
<testsuite ignored="0" hostname="vadivel" failures="0" tests="5" name="Default test" time="6.01" errors="0" timestamp="2023-07-11T13:04:57 IST">
  <testcase classname="sheet_int.com.GoogleSheetsLiveTest_write" name="whenWriteSheet_thenReadSheetOk" time="1.769"/>
  <testcase classname="sheet_int.com.GoogleSheetsLiveTest_write" name="multirange" time="0.785"/>
  <testcase classname="sheet_int.com.GoogleSheetsLiveTest_write" name="appending_method" time="0.587"/>
  <testcase classname="sheet_int.com.GoogleSheetsLiveTest_write" name="read_value_from_sheet" time="0.443"/>
  <testcase classname="sheet_int.com.GoogleSheetsLiveTest_write" name="create_sheet" time="1.431"/>
</testsuite> <!-- Default test -->
